<?xml version="1.0" encoding="UTF-8"?>
<testsuite name="com.example.ApplicationTest" tests="1" skipped="0" failures="0" errors="0" timestamp="2025-05-13T08:26:57" hostname="MSI" time="1.185">
  <properties/>
  <testcase name="testRoot" classname="com.example.ApplicationTest" time="1.185"/>
  <system-out><![CDATA[2025-05-13 11:26:57.991 [DefaultDispatcher-worker-2 @call-context#3] INFO  io.ktor.test - No ktor.deployment.watch patterns specified, automatic reload is not active.
2025-05-13 11:26:58.064 [DefaultDispatcher-worker-2 @call-context#3] INFO  io.ktor.test - Using embedded H2 database for testing; replace this flag to use postgres
2025-05-13 11:26:58.269 [DefaultDispatcher-worker-2 @call-context#3] INFO  io.ktor.test - Application started in 0.296 seconds.
2025-05-13 11:26:58.271 [DefaultDispatcher-worker-1 @coroutine#4] INFO  io.ktor.test - Responding at http://localhost:80
2025-05-13 11:26:58.271 [DefaultDispatcher-worker-1 @coroutine#4] INFO  io.ktor.test - Responding at https://localhost:443
]]></system-out>
  <system-err><![CDATA[]]></system-err>
</testsuite>
